[www.gamespot.com/index.html]
[backblue.gif]
[fade.gif]
[index.html]
[www.gamespot.com/favicon.ico]
[static.gamespot.com/bundles/gamespotsite/images/touch-icon-iphone-precomposed.png]
[static.gamespot.com/bundles/gamespotsite/images/touch-icon-ipad.png]
[static.gamespot.com/bundles/gamespotsite/images/touch-icon-iphone-retina-precomposed.png]
[static.gamespot.com/bundles/gamespotsite/images/touch-icon-ipad-retina-precomposed.png]
[static.gamespot.com/bundles/gamespotsite/images/bg-border-light.png]
[static.gamespot.com/bundles/gamespotsite/css/gamespot_white-045e88ce0c6033ba3d60b91b6f4adc5d.css]
[static.gamespot.com/js/compiled/header_js2e33.js]
[js-sec.indexww.com/ht/ls-gamespot.js]
[www.google.com/adsense/search/async-ads.js]
[www.googletagservices.com/tag/js/gpt.js]
[static.gamespot.com/uploads/ignore_jpg_scale_tiny/1197/11970954/3473649-boty-nav-bug.png]
[static.gamespot.com/uploads/square_mini/1197/11970954/3453798-avatar.jpg]
[static.gamespot.com/uploads/square_mini/1352/13527689/3274689-avatar.jpg]
[static.gamespot.com/uploads/square_mini/1197/11970954/3418147-avatar.jpg]
[static.gamespot.com/uploads/square_mini/104/1049837/2961853-new_releases2015-avatar.jpg]
[static.gamespot.com/uploads/square_mini/328/3284688/3364235-avatar.jpg]
[www.gamespot.com/best-games-of-2018/index.html]
[static.gamespot.com/uploads/square_mini/172/1720905/3427960-avatar-01.jpg]
[static.gamespot.com/uploads/square_mini/328/3284688/3375692-avatar.jpg]
[static.gamespot.com/uploads/screen_kubrick/1197/11970954/3479322-everygoty-promo.jpg]
[www.gamespot.com/pc/index.html]
[static.gamespot.com/uploads/square_medium/1197/11970954/3481635-blackmirror-bandersnatch-promo-1.jpg]
[www.gamespot.com/xbox-one/index.html]
[www.gamespot.com/ps4/index.html]
[www.gamespot.com/nintendo-switch/index.html]
[www.gamespot.com/wii-u/index.html]
[www.gamespot.com/ps3/index.html]
[www.gamespot.com/vita/index.html]
[www.gamespot.com/xbox-360/index.html]
[www.gamespot.com/3ds/index.html]
[static.gamespot.com/uploads/screen_small/1165/11653967/3481405-playstation-plus-logo.jpg]
[www.gamespot.com/gametech/index.html]
[www.gamespot.com/deals/index.html]
[www.gamespot.com/reviews/index.html]
[www.gamespot.com/news/index.html]
[static.gamespot.com/uploads/screen_small/1562/15626911/3481403-aquaman.jpg]
[www.gamespot.com/entertainment/index.html]
[www.gamespot.com/videos/index.html]
[static.gamespot.com/uploads/screen_small/1165/11653967/3480676-1200x630wa.jpg]
[www.gamespot.com/shows/quickdraw/index.html]
[www.gamespot.com/shows/gamespot-live/index.html]
[www.gamespot.com/videos/trailers/index.html]
[www.gamespot.com/shows/New_Releases/index.html]
[www.gamespot.com/shows/gravehoppers/index.html]
[static.gamespot.com/uploads/screen_small/1585/15855271/3480403-spiderman-postmortem-promo.jpg]
[static.gamespot.com/uploads/screen_petite/1165/11653967/3481405-playstation-plus-logo.jpg]
[www.gamespot.com/shows/potato-mode/index.html]
[www.gamespot.com/shows/steam-punks/index.html]
[www.gamespot.com/shows/versus/index.html]
[www.gamespot.com/forums/index.html]
[www.gamespot.com/forums/games-discussion-1000000/index.html]
[www.gamespot.com/forums/pc-mac-linux-society-1000004/index.html]
[www.gamespot.com/forums/playstation-nation-1000002/index.html]
[static.gamespot.com/uploads/screen_petite/43/434805/3481632-7572933738-34801.png]
[www.gamespot.com/forums/xbox-association-1000003/index.html]
[www.gamespot.com/forums/nintendo-fan-club-1000001/index.html]
[www.gamespot.com/forums/system-wars-314159282/index.html]
[www.gamespot.com/forums/gamespot-giveaways-909399116/index.html]
[www.gamespot.com/forums/offtopic-discussion-314159273/index.html]
[www.gamespot.com/forums/bug-reporting-feedback-1000006/index.html]
[www.gamespot.com/login/index.html]
[www.gamespot.com/signup/index.html]
[www.gamespot.com/gallery/every-gamespot-game-of-the-year/2900-653/index.html]
[www.gamespot.com/articles/black-mirror-bandersnatch-hits-netflix-tomorrow-wa/1100-6464084/index.html]
[static.gamespot.com/uploads/screen_petite/1165/11653967/3481615-best-buy-logo.jpg]
[www.gamespot.com/articles/ps4s-playstation-plus-games-for-january-2019-annou/1100-6464082/index.html]
[www.gamespot.com/gallery/10-of-the-best-steam-pc-games-on-sale-for-10-or-le/2900-2485/index.html]
[www.gamespot.com/gallery/dc-movies-how-did-aquaman-do-compared-to-the-rest-/2900-831/index.html]
[static.gamespot.com/uploads/screen_petite/1578/15787979/3481417-0466246856-ss_4..jpg]
[www.gamespot.com/articles/fortnite-week-4-guide-search-the-letter-o-eliminat/1100-6464085/index.html]
[www.gamespot.com/articles/fortnite-challenge-guide-expedition-outpost-locati/1100-6464087/index.html]
[www.gamespot.com/articles/marvels-spider-man-how-insomniac-spun-its-web/1100-6464062/index.html]
[static.gamespot.com/uploads/screen_petite/1165/11653967/3481317-3440417-playstation_classic_01_1920.jpg]
[www.gamespot.com/articles/daredevil-luke-cage-and-more-may-migrate-to-disney/1100-6464080/index.html]
[www.gamespot.com/articles/smash-bros-ultimates-next-event-features-exclusive/1100-6464083/index.html]
[www.gamespot.com/articles/best-buys-deals-on-ps4-xbox-one-and-nintendo-switc/1100-6464086/index.html]
[static.gamespot.com/uploads/screen_petite/1576/15761254/3479960-goggiveaway.jpg]
[static.gamespot.com/uploads/screen_petite/1578/15789737/3480220-vikings-2.jpg]
[www.gamespot.com/articles/playstation-classic-mini-console-is-on-sale-for-ne/1100-6464078/index.html]
[www.gamespot.com/articles/free-pc-game-codes-from-gog-giveaway/1100-6463964/index.html]
[www.gamespot.com/articles/vikings-creator-that-massive-season-5-death-was-a-/1100-6464055/index.html]
[www.gamespot.com/articles/get-ready-for-far-cry-new-dawn-with-far-cry-5-for-/1100-6464079/index.html]
[static.gamespot.com/uploads/screen_petite/1165/11653967/3481398-image.jpg]
[static.gamespot.com/uploads/screen_petite/1197/11970954/3481151-us-promo-1.jpg]
[static.gamespot.com/uploads/screen_petite/1557/15576725/3481607-bander.jpg]
[www.gamespot.com/videos/us-official-trailer/2300-6447819/index.html]
[static.gamespot.com/uploads/screen_petite/43/434805/3481652-5734780001-fortn.jpg]
[www.gamespot.com/articles/fortnite-challenge-guide-letter-n-o-m-s-locations-/1100-6464088/index.html]
[static.gamespot.com/uploads/screen_petite/1562/15626911/3481373-untitled-9.jpg]
[www.gamespot.com/gallery/overwatch-nerf-blasters-playtesting-the-new-hasbro/2900-2486/index.html]
[static.gamespot.com/uploads/screen_petite/1562/15626911/3481149-us.jpg]
[static.gamespot.com/uploads/screen_petite/1578/15789737/3481058-dragon-1.jpg]
[www.gamespot.com/articles/first-trailer-for-get-out-directors-new-horror-mov/1100-6464077/index.html]
[static.gamespot.com/uploads/sliver_small/1197/11970954/2887728-kh3_01re.jpg]
[static.gamespot.com/uploads/sliver_small/536/5360430/3165126-screen_tlou2_teaser_01.jpg]
[www.gamespot.com/articles/how-to-train-your-dragon-3-is-a-sad-and-satisfying/1100-6464076/index.html]
[static.gamespot.com/uploads/sliver_small/1197/11970954/2425926-2026827-672376_20130205_001.jpg]
[static.gamespot.com/uploads/sliver_small/1197/11970954/3245568-gamespot-50-template-gamename.jpg]
[www.gamespot.com/kingdom-hearts-iii/index.html]
[www.gamespot.com/resident-evil-2/index.html]
[www.gamespot.com/the-last-of-us-part-ii/index.html]
[www.gamespot.com/devil-may-cry-5/index.html]
[www.gamespot.com/cyberpunk-2077/index.html]
[www.gamespot.com/pokemon-for-nintendo-switch/index.html]
[www.gamespot.com/anthem/index.html]
[static.gamespot.com/uploads/sliver_small/469/4693985/2604941-6759864154-20133.jpg]
[static.gamespot.com/uploads/sliver_small/1197/11970954/3080264-3079398-planecrash_1080_1465877083.png]
[static.gamespot.com/uploads/sliver_small/1575/15759911/3480818-battle-princess-madelyn-review-thumb-nologo.jpg]
[www.gamespot.com/reviews/pc]
[www.gamespot.com/doom-eternal/index.html]
[www.gamespot.com/reviews/ps4]
[www.gamespot.com/star-citizen/index.html]
[www.gamespot.com/days-gone/index.html]
[www.gamespot.com/reviews/xbox-one]
[www.gamespot.com/reviews/battle-princess-madelyn-review-halfway-there/1900-6417058/index.html]
[www.gamespot.com/gamespot-50/index.html]
[www.gamespot.com/reviews/gris-review-seeing-in-color/1900-6417057/index.html]
[www.gamespot.com/reviews/nintendo-switch]
[www.gamespot.com/reviews/desert-child-review-burning-fuel/1900-6417056/index.html]
[www.gamespot.com/reviews/monster-boy-and-the-cursed-kingdom-review-fit-for-/1900-6417055/index.html]
[www.gamespot.com/reviews/earth-defense-force-5-review-another-bug-hunt/1900-6417054/index.html]
[www.gamespot.com/news/pc]
[www.gamespot.com/reviews/ashen-review-relationship-souls/1900-6417053/index.html]
[www.gamespot.com/reviews/artifact-review-play-your-cards-right/1900-6417052/index.html]
[www.gamespot.com/news/ps4]
[www.gamespot.com/reviews/mutant-year-zero-road-to-eden-review-duck-for-cove/1900-6417050/index.html]
[www.gamespot.com/reviews/super-smash-bros-ultimate-review-me-and-you-and-ev/1900-6417051/index.html]
[www.gamespot.com/news/xbox-one]
[www.gamespot.com/help/index.html]
[www.gamespot.com/reviews/pc/index.html]
[www.gamespot.com/reviews/just-cause-4-review-mildly-wild-ride/1900-6417049/index.html]
[www.gamespot.com/reviews/ps4/index.html]
[www.gamespot.com/news/nintendo-switch]
[www.gamespot.com/reviews/xbox-one/index.html]
[www.gamespot.com/feeds]
[www.gamespot.com/reviews/nintendo-switch/index.html]
[www.gamespot.com/news/pc/index.html]
[ajax.googleapis.com/ajax/libs/jquery/1.8.3/jquery.min.js]
[ajax.googleapis.com/ajax/libs/jqueryui/1.8.23/jquery-ui.min.js]
[www.gamespot.com/news/ps4/index.html]
[www.gamespot.com/news/xbox-one/index.html]
[static.gamespot.com/js/compiled/jquery.local2e33.js]
[www.gamespot.com/feeds/index.html]
[static.gamespot.com/js/compiled/all2e33.js]
[www.gamespot.com/news/nintendo-switch/index.html]
[static.gamespot.com/js/compiled/site2e33.js]
[static.gamespot.com/js/compiled/tracking2e33.js]
[dw.cbsi.com/clear/redx/c12a5.gif]
[tru.am/scripts/custom/cbsinteractive.js]
[cdn.taboola.com/libtrc/cbsinteractive-gamespot/loader.js]
[static.gamespot.com/js/compiled/427f5db2e33.js]
[js.agkn.com/prod/v0/tag.js]
[www.gamespot.com/index.html]
[static.gamespot.com/bundles/gamespotsite/images/touch-icon-ipad.html]
[static.gamespot.com/js/compiled/sourcepoint2e33.js]
[static.gamespot.com/bundles/gamespotsite/css/gamespot_white-045e88ce0c6033ba3d60b91b6f4adc5d.css]
[www.gamespot.com/best-games-of-2018/index.html]
[www.gamespot.com/pc/index.html]
[www.gamespot.com/ps4/index.html]
[www.gamespot.com/xbox-one/index.html]
[www.gamespot.com/nintendo-switch/index.html]
[www.gamespot.com/wii-u/index.html]
[www.gamespot.com/ps3/index.html]
[www.gamespot.com/vita/index.html]
[www.gamespot.com/xbox-360/index.html]
[www.gamespot.com/3ds/index.html]
[www.gamespot.com/gametech/index.html]
[www.gamespot.com/deals/index.html]
[www.gamespot.com/reviews/index.html]
[www.gamespot.com/news/index.html]
[www.gamespot.com/entertainment/index.html]
[www.gamespot.com/videos/index.html]
[www.gamespot.com/videos/trailers/index.html]
[www.gamespot.com/shows/quickdraw/index.html]
[www.gamespot.com/shows/gamespot-live/index.html]
[www.gamespot.com/shows/gravehoppers/index.html]
[www.gamespot.com/shows/potato-mode/index.html]
[www.gamespot.com/shows/steam-punks/index.html]
[www.gamespot.com/shows/versus/index.html]
[www.gamespot.com/forums/index.html]
[www.gamespot.com/forums/games-discussion-1000000/index.html]
[www.gamespot.com/forums/pc-mac-linux-society-1000004/index.html]
[www.gamespot.com/forums/playstation-nation-1000002/index.html]
[www.gamespot.com/forums/xbox-association-1000003/index.html]
[www.gamespot.com/forums/nintendo-fan-club-1000001/index.html]
[www.gamespot.com/forums/system-wars-314159282/index.html]
[www.gamespot.com/forums/offtopic-discussion-314159273/index.html]
[www.gamespot.com/forums/gamespot-giveaways-909399116/index.html]
[www.gamespot.com/forums/bug-reporting-feedback-1000006/index.html]
[www.gamespot.com/login/index.html]
[www.gamespot.com/signup/index.html]
[www.gamespot.com/gallery/every-gamespot-game-of-the-year/2900-653/index.html]
[www.gamespot.com/articles/black-mirror-bandersnatch-hits-netflix-tomorrow-wa/1100-6464084/index.html]
[www.gamespot.com/articles/ps4s-playstation-plus-games-for-january-2019-annou/1100-6464082/index.html]
[www.gamespot.com/gallery/dc-movies-how-did-aquaman-do-compared-to-the-rest-/2900-831/index.html]
[www.gamespot.com/gallery/10-of-the-best-steam-pc-games-on-sale-for-10-or-le/2900-2485/index.html]
[www.gamespot.com/articles/marvels-spider-man-how-insomniac-spun-its-web/1100-6464062/index.html]
[www.gamespot.com/articles/fortnite-week-4-guide-search-the-letter-o-eliminat/1100-6464085/index.html]
[static.gamespot.com/uploads/screen_petite/43/434805/3481602-3475379-fortnite+screenshot+2018.12.06+-+14.29.52.35.jpg]
[www.gamespot.com/articles/fortnite-challenge-guide-expedition-outpost-locati/1100-6464087/index.html]
[www.gamespot.com/articles/daredevil-luke-cage-and-more-may-migrate-to-disney/1100-6464080/index.html]
[static.gamespot.com/uploads/screen_petite/1585/15855271/3481399-3454835-dd+header+0.jpg]
[www.gamespot.com/articles/best-buys-deals-on-ps4-xbox-one-and-nintendo-switc/1100-6464086/index.html]
[www.gamespot.com/articles/smash-bros-ultimates-next-event-features-exclusive/1100-6464083/index.html]
[www.gamespot.com/articles/playstation-classic-mini-console-is-on-sale-for-ne/1100-6464078/index.html]
[www.gamespot.com/articles/free-pc-game-codes-from-gog-giveaway/1100-6463964/index.html]
[www.gamespot.com/articles/vikings-creator-that-massive-season-5-death-was-a-/1100-6464055/index.html]
[www.gamespot.com/articles/get-ready-for-far-cry-new-dawn-with-far-cry-5-for-/1100-6464079/index.html]
[www.gamespot.com/videos/us-official-trailer/2300-6447819/index.html]
[www.gamespot.com/articles/fortnite-challenge-guide-letter-n-o-m-s-locations-/1100-6464088/index.html]
[www.gamespot.com/gallery/overwatch-nerf-blasters-playtesting-the-new-hasbro/2900-2486/index.html]
[www.gamespot.com/articles/first-trailer-for-get-out-directors-new-horror-mov/1100-6464077/index.html]
[www.gamespot.com/articles/how-to-train-your-dragon-3-is-a-sad-and-satisfying/1100-6464076/index.html]
[www.gamespot.com/kingdom-hearts-iii/index.html]
[www.gamespot.com/resident-evil-2/index.html]
[www.gamespot.com/the-last-of-us-part-ii/index.html]
[www.gamespot.com/cyberpunk-2077/index.html]
[www.gamespot.com/devil-may-cry-5/index.html]
[www.gamespot.com/pokemon-for-nintendo-switch/index.html]
[www.gamespot.com/anthem/index.html]
[www.gamespot.com/star-citizen/index.html]
[www.gamespot.com/doom-eternal/index.html]
[www.gamespot.com/days-gone/index.html]
[www.gamespot.com/gamespot-50/index.html]
[www.gamespot.com/reviews/battle-princess-madelyn-review-halfway-there/1900-6417058/index.html]
[www.gamespot.com/reviews/gris-review-seeing-in-color/1900-6417057/index.html]
[www.gamespot.com/reviews/desert-child-review-burning-fuel/1900-6417056/index.html]
[www.gamespot.com/reviews/monster-boy-and-the-cursed-kingdom-review-fit-for-/1900-6417055/index.html]
[www.gamespot.com/reviews/earth-defense-force-5-review-another-bug-hunt/1900-6417054/index.html]
[www.gamespot.com/reviews/ashen-review-relationship-souls/1900-6417053/index.html]
[www.gamespot.com/reviews/artifact-review-play-your-cards-right/1900-6417052/index.html]
[www.gamespot.com/reviews/super-smash-bros-ultimate-review-me-and-you-and-ev/1900-6417051/index.html]
[www.gamespot.com/reviews/mutant-year-zero-road-to-eden-review-duck-for-cove/1900-6417050/index.html]
[www.gamespot.com/reviews/just-cause-4-review-mildly-wild-ride/1900-6417049/index.html]
[www.gamespot.com/help/index.html]
[www.gamespot.com/reviews/pc/index.html]
[www.gamespot.com/reviews/ps4/index.html]
[www.gamespot.com/reviews/xbox-one/index.html]
[www.gamespot.com/reviews/nintendo-switch/index.html]
[www.gamespot.com/news/pc/index.html]
[www.gamespot.com/news/ps4/index.html]
[www.gamespot.com/news/xbox-one/index.html]
[www.gamespot.com/news/nintendo-switch/index.html]
[www.gamespot.com/feeds/index.html]
[cdn.taboola.com/libtrc/cbsinteractive-gamespot/loader.js]
[www.gamespot.com/shows/New_Releases/index.html]
[www.gamespot.com/shows/New_Releases/index.html]
